<?xml version="1.0" encoding="UTF-8"?>
<testng-results skipped="0" failed="0" ignored="0" total="2" passed="2">
  <reporter-output>
  </reporter-output>
  <suite name="Default suite" duration-ms="18339" started-at="2020-12-21T23:27:04 IST" finished-at="2020-12-21T23:27:22 IST">
    <groups>
    </groups>
    <test name="Default test" duration-ms="18339" started-at="2020-12-21T23:27:04 IST" finished-at="2020-12-21T23:27:22 IST">
      <class name="seleinumgrid.LoginTestWindownEnvChromeBrowser">
        <test-method status="PASS" signature="setup()[pri:1, instance:seleinumgrid.LoginTestWindownEnvChromeBrowser@15bfd87]" name="setup" duration-ms="5049" started-at="2020-12-21T23:27:04 IST" finished-at="2020-12-21T23:27:09 IST">
          <reporter-output>
          </reporter-output>
        </test-method> <!-- setup -->
        <test-method status="PASS" signature="login()[pri:2, instance:seleinumgrid.LoginTestWindownEnvChromeBrowser@15bfd87]" name="login" duration-ms="13243" started-at="2020-12-21T23:27:09 IST" finished-at="2020-12-21T23:27:22 IST">
          <reporter-output>
          </reporter-output>
        </test-method> <!-- login -->
      </class> <!-- seleinumgrid.LoginTestWindownEnvChromeBrowser -->
    </test> <!-- Default test -->
  </suite> <!-- Default suite -->
</testng-results>
