<?xml version="1.0" encoding="UTF-8"?>
<!-- Generated by org.testng.reporters.JUnitXMLReporter -->
<testsuite hostname="SG-LT-122" ignored="0" name="LoginTest" tests="2" failures="1" timestamp="2020-12-18T19:21:39 IST" time="0.068" errors="0">
  <testcase name="loginByEmail" time="0.015" classname="listeners.LoginTest"/>
  <testcase name="loginByFacebook" time="0.003" classname="listeners.LoginTest">
    <failure type="junit.framework.ComparisonFailure" message="expected:&amp;lt;[pavan]&amp;gt; but was:&amp;lt;[kumar]&amp;gt;">
      <![CDATA[junit.framework.ComparisonFailure: expected:<[pavan]> but was:<[kumar]>
at junit.framework.Assert.assertEquals(Assert.java:100)
at junit.framework.Assert.assertEquals(Assert.java:107)
at listeners.LoginTest.loginByFacebook(LoginTest.java:20)
at java.util.ArrayList.forEach(ArrayList.java:1257)
... Removed 27 stack frames]]>
    </failure>
  </testcase> <!-- loginByFacebook -->
</testsuite> <!-- LoginTest -->
